Heap:
 PSYoungGen      total 16896K, used 12268K [0x00000000eda00000, 0x00000000eec80000, 0x0000000100000000)
  eden space 14848K, 82% used [0x00000000eda00000,0x00000000ee5fb348,0x00000000ee880000)
  from space 2048K, 0% used [0x00000000ee880000,0x00000000ee880000,0x00000000eea80000)
  to   space 2048K, 0% used [0x00000000eea80000,0x00000000eea80000,0x00000000eec80000)
 ParOldGen       total 30720K, used 3043K [0x00000000c8e00000, 0x00000000cac00000, 0x00000000eda00000)
  object space 30720K, 9% used [0x00000000c8e00000,0x00000000c90f8d08,0x00000000cac00000)
 Metaspace       used 15944K, capacity 16164K, committed 16512K, reserved 1067008K
  class space    used 1985K, capacity 2068K, committed 2176K, reserved 1048576K
GC Heap History (4 events):
Event: 1.673 GC heap before
{Heap before GC invocations=1 (full 0):
 PSYoungGen      total 16896K, used 8136K [0x00000000eda00000, 0x00000000eec80000, 0x0000000100000000)
  eden space 14848K, 54% used [0x00000000eda00000,0x00000000ee1f2300,0x00000000ee880000)
  from space 2048K, 0% used [0x00000000eea80000,0x00000000eea80000,0x00000000eec80000)
  to   space 2048K, 0% used [0x00000000ee880000,0x00000000ee880000,0x00000000eea80000)
 ParOldGen       total 38400K, used 0K [0x00000000c8e00000, 0x00000000cb380000, 0x00000000eda00000)
  object space 38400K, 0% used [0x00000000c8e00000,0x00000000c8e00000,0x00000000cb380000)
 Metaspace       used 13094K, capacity 13248K, committed 13312K, reserved 1067008K
  class space    used 1693K, capacity 1780K, committed 1792K, reserved 1048576K
Event: 1.678 GC heap after
Heap after GC invocations=1 (full 0):
 PSYoungGen      total 16896K, used 2025K [0x00000000eda00000, 0x00000000eec80000, 0x0000000100000000)
  eden space 14848K, 0% used [0x00000000eda00000,0x00000000eda00000,0x00000000ee880000)
  from space 2048K, 98% used [0x00000000ee880000,0x00000000eea7a6e0,0x00000000eea80000)
  to   space 2048K, 0% used [0x00000000eea80000,0x00000000eea80000,0x00000000eec80000)
 ParOldGen       total 38400K, used 1041K [0x00000000c8e00000, 0x00000000cb380000, 0x00000000eda00000)
  object space 38400K, 2% used [0x00000000c8e00000,0x00000000c8f046e8,0x00000000cb380000)
 Metaspace       used 13094K, capacity 13248K, committed 13312K, reserved 1067008K
  class space    used 1693K, capacity 1780K, committed 1792K, reserved 1048576K
}
Event: 1.678 GC heap before
{Heap before GC invocations=2 (full 1):
 PSYoungGen      total 16896K, used 2025K [0x00000000eda00000, 0x00000000eec80000, 0x0000000100000000)
  eden space 14848K, 0% used [0x00000000eda00000,0x00000000eda00000,0x00000000ee880000)
  from space 2048K, 98% used [0x00000000ee880000,0x00000000eea7a6e0,0x00000000eea80000)
  to   space 2048K, 0% used [0x00000000eea80000,0x00000000eea80000,0x00000000eec80000)
 ParOldGen       total 38400K, used 1041K [0x00000000c8e00000, 0x00000000cb380000, 0x00000000eda00000)
  object space 38400K, 2% used [0x00000000c8e00000,0x00000000c8f046e8,0x00000000cb380000)
 Metaspace       used 13094K, capacity 13248K, committed 13312K, reserved 1067008K
  class space    used 1693K, capacity 1780K, committed 1792K, reserved 1048576K
Event: 1.696 GC heap after
Heap after GC invocations=2 (full 1):
 PSYoungGen      total 16896K, used 0K [0x00000000eda00000, 0x00000000eec80000, 0x0000000100000000)
  eden space 14848K, 0% used [0x00000000eda00000,0x00000000eda00000,0x00000000ee880000)
  from space 2048K, 0% used [0x00000000ee880000,0x00000000ee880000,0x00000000eea80000)
  to   space 2048K, 0% used [0x00000000eea80000,0x00000000eea80000,0x00000000eec80000)
 ParOldGen       total 30720K, used 3043K [0x00000000c8e00000, 0x00000000cac00000, 0x00000000eda00000)
  object space 30720K, 9% used [0x00000000c8e00000,0x00000000c90f8d08,0x00000000cac00000)
 Metaspace       used 13094K, capacity 13248K, committed 13312K, reserved 1064960K
  class space    used 1693K, capacity 1780K, committed 1792K, reserved 1048576K
}

